Running: C:\Xilinx\14.2\ISE_DS\ISE\bin\nt64\unwrapped\fuse.exe -intstyle ise -incremental -o C:/Xilinx/FloatingPointAlu/fa_isim_beh.exe -prj C:/Xilinx/FloatingPointAlu/fa_beh.prj work.fa 
ISim P.28xd (signature 0xa0883be4)
Number of CPUs detected in this system: 4
Turning on mult-threading, number of parallel sub-compilation jobs: 8 
Determining compilation order of HDL files
Parsing VHDL file "C:/Xilinx/FloatingPointAlu/FloatingPointAlu.vhd" into library work
Parsing VHDL file "C:/Xilinx/FloatingPointAlu/fa.vhd" into library work
Starting static elaboration
Completed static elaboration
Compiling package standard
Compiling package std_logic_1164
Compiling package std_logic_arith
Compiling package std_logic_unsigned
Compiling architecture behavioral of entity FloatingPointAlu [floatingpointalu_default]
Compiling architecture behav of entity FinalCode [finalcode_default]
Compiling architecture behavior of entity fa
Time Resolution for simulation is 1ps.
Waiting for 1 sub-compilation(s) to finish...
Compiled 9 VHDL Units
Built simulation executable C:/Xilinx/FloatingPointAlu/fa_isim_beh.exe
Fuse Memory Usage: 32196 KB
Fuse CPU Usage: 2015 ms
