ISim log file
Running: C:\Xilinx\FloatingPointAlu\fa_isim_beh.exe -intstyle ise -gui -tclbatch isim.cmd -wdb C:/Xilinx/FloatingPointAlu/fa_isim_beh.wdb 
ISim P.28xd (signature 0xa0883be4)
WARNING: A WEBPACK license was found.
WARNING: Please use Xilinx License Configuration Manager to check out a full ISim license.
WARNING: ISim will run in Lite mode. Please refer to the ISim documentation for more information on the differences between the Lite and the Full version.
This is a Lite version of ISim.
Time resolution is 1 ps
# onerror resume
# wave add /
# run 1000 ns
Simulator is doing circuit initialization process.
at 0 ps, Instance /fa/uut/x0/ : Warning: There is an 'U'|'X'|'W'|'Z'|'-' in an arithmetic operand, the result will be 'X'(es).
Finished circuit initialization process.
# isim force add /fa/a 1 -radix bin -value 0 -radix bin -time 5 ps -repeat 10 ps -cancel 0 fs
# isim force add /fa/b 1 -radix bin -value 0 -radix bin -time 10 ps -repeat 20 ps -cancel 0 fs
# isim force add /fa/cin 1 -radix bin -value 0 -radix bin -time 25 ps -repeat 50 ps -cancel 0 fs
# isim force add /fa/sel 1 -radix bin -value 0 -radix bin -time 15 ps -repeat 30 ps -cancel 0 fs
# run all
Stopped at time : 3569225 ps : File "C:/Xilinx/FloatingPointAlu/FloatingPointAlu.vhd" Line 246
